# JRE version: Java(TM) SE Runtime Environment (8.0_25-b17) (build 1.8.0_25-b17)
# Java VM: Java HotSpot(TM) 64-Bit Server VM (25.25-b02 mixed mode bsd-amd64 compressed oops)
Heap:
 PSYoungGen      total 252416K, used 251994K [0x000000013cf00000, 0x0000000152400000, 0x0000000152400000)
  eden space 166912K, 100% used [0x000000013cf00000,0x0000000147200000,0x0000000147200000)
  from space 85504K, 99% used [0x0000000147200000,0x000000014c516b10,0x000000014c580000)
  to   space 96768K, 49% used [0x000000014c580000,0x000000014f3d0080,0x0000000152400000)
 ParOldGen       total 229888K, used 116274K [0x0000000112400000, 0x0000000120480000, 0x000000013cf00000)
  object space 229888K, 50% used [0x0000000112400000,0x000000011958c970,0x0000000120480000)
 Metaspace       used 5774K, capacity 7024K, committed 7296K, reserved 1056768K
  class space    used 550K, capacity 616K, committed 640K, reserved 1048576K
GC Heap History (10 events):
Event: 11.732 GC heap after
Heap after GC invocations=4 (full 0):
 PSYoungGen      total 272896K, used 10743K [0x000000013cf00000, 0x000000014e400000, 0x0000000152400000)
  eden space 262144K, 0% used [0x000000013cf00000,0x000000013cf00000,0x000000014cf00000)
  from space 10752K, 99% used [0x000000014d980000,0x000000014e3fdf28,0x000000014e400000)
  to   space 10752K, 0% used [0x000000014cf00000,0x000000014cf00000,0x000000014d980000)
 ParOldGen       total 175104K, used 145488K [0x0000000112400000, 0x000000011cf00000, 0x000000013cf00000)
  object space 175104K, 83% used [0x0000000112400000,0x000000011b214298,0x000000011cf00000)
 Metaspace       used 5604K, capacity 6832K, committed 7040K, reserved 1056768K
  class space    used 549K, capacity 616K, committed 640K, reserved 1048576K
}
Event: 11.732 GC heap before
{Heap before GC invocations=5 (full 1):
 PSYoungGen      total 272896K, used 10743K [0x000000013cf00000, 0x000000014e400000, 0x0000000152400000)
  eden space 262144K, 0% used [0x000000013cf00000,0x000000013cf00000,0x000000014cf00000)
  from space 10752K, 99% used [0x000000014d980000,0x000000014e3fdf28,0x000000014e400000)
  to   space 10752K, 0% used [0x000000014cf00000,0x000000014cf00000,0x000000014d980000)
 ParOldGen       total 175104K, used 145488K [0x0000000112400000, 0x000000011cf00000, 0x000000013cf00000)
  object space 175104K, 83% used [0x0000000112400000,0x000000011b214298,0x000000011cf00000)
 Metaspace       used 5604K, capacity 6832K, committed 7040K, reserved 1056768K
  class space    used 549K, capacity 616K, committed 640K, reserved 1048576K
Event: 11.992 GC heap after
Heap after GC invocations=5 (full 1):
 PSYoungGen      total 272896K, used 0K [0x000000013cf00000, 0x000000014e400000, 0x0000000152400000)
  eden space 262144K, 0% used [0x000000013cf00000,0x000000013cf00000,0x000000014cf00000)
  from space 10752K, 0% used [0x000000014d980000,0x000000014d980000,0x000000014e400000)
  to   space 10752K, 0% used [0x000000014cf00000,0x000000014cf00000,0x000000014d980000)
 ParOldGen       total 229888K, used 64495K [0x0000000112400000, 0x0000000120480000, 0x000000013cf00000)
  object space 229888K, 28% used [0x0000000112400000,0x00000001162fbe28,0x0000000120480000)
 Metaspace       used 5604K, capacity 6832K, committed 7040K, reserved 1056768K
  class space    used 549K, capacity 616K, committed 640K, reserved 1048576K
}
Event: 14.459 GC heap before
{Heap before GC invocations=6 (full 1):
 PSYoungGen      total 272896K, used 262144K [0x000000013cf00000, 0x000000014e400000, 0x0000000152400000)
  eden space 262144K, 100% used [0x000000013cf00000,0x000000014cf00000,0x000000014cf00000)
  from space 10752K, 0% used [0x000000014d980000,0x000000014d980000,0x000000014e400000)
  to   space 10752K, 0% used [0x000000014cf00000,0x000000014cf00000,0x000000014d980000)
 ParOldGen       total 229888K, used 64495K [0x0000000112400000, 0x0000000120480000, 0x000000013cf00000)
  object space 229888K, 28% used [0x0000000112400000,0x00000001162fbe28,0x0000000120480000)
 Metaspace       used 5668K, capacity 6896K, committed 7040K, reserved 1056768K
  class space    used 550K, capacity 616K, committed 640K, reserved 1048576K
Event: 14.518 GC heap after
Heap after GC invocations=6 (full 1):
 PSYoungGen      total 272896K, used 10739K [0x000000013cf00000, 0x0000000152400000, 0x0000000152400000)
  eden space 262144K, 0% used [0x000000013cf00000,0x000000013cf00000,0x000000014cf00000)
  from space 10752K, 99% used [0x000000014cf00000,0x000000014d97cf18,0x000000014d980000)
  to   space 76288K, 0% used [0x000000014d980000,0x000000014d980000,0x0000000152400000)
 ParOldGen       total 229888K, used 116250K [0x0000000112400000, 0x0000000120480000, 0x000000013cf00000)
  object space 229888K, 50% used [0x0000000112400000,0x0000000119586970,0x0000000120480000)
 Metaspace       used 5668K, capacity 6896K, committed 7040K, reserved 1056768K
  class space    used 550K, capacity 616K, committed 640K, reserved 1048576K
}
Event: 17.063 GC heap before
{Heap before GC invocations=7 (full 1):
 PSYoungGen      total 272896K, used 272883K [0x000000013cf00000, 0x0000000152400000, 0x0000000152400000)
  eden space 262144K, 100% used [0x000000013cf00000,0x000000014cf00000,0x000000014cf00000)
  from space 10752K, 99% used [0x000000014cf00000,0x000000014d97cf18,0x000000014d980000)
  to   space 76288K, 0% used [0x000000014d980000,0x000000014d980000,0x0000000152400000)
 ParOldGen       total 229888K, used 116250K [0x0000000112400000, 0x0000000120480000, 0x000000013cf00000)
  object space 229888K, 50% used [0x0000000112400000,0x0000000119586970,0x0000000120480000)
 Metaspace       used 5726K, capacity 6960K, committed 7040K, reserved 1056768K
  class space    used 550K, capacity 616K, committed 640K, reserved 1048576K
Event: 17.184 GC heap after
Heap after GC invocations=7 (full 1):
 PSYoungGen      total 243200K, used 67325K [0x000000013cf00000, 0x0000000152400000, 0x0000000152400000)
  eden space 166912K, 0% used [0x000000013cf00000,0x000000013cf00000,0x0000000147200000)
  from space 76288K, 88% used [0x000000014d980000,0x0000000151b3f478,0x0000000152400000)
  to   space 91136K, 0% used [0x0000000147200000,0x0000000147200000,0x000000014cb00000)
 ParOldGen       total 229888K, used 116258K [0x0000000112400000, 0x0000000120480000, 0x000000013cf00000)
  object space 229888K, 50% used [0x0000000112400000,0x0000000119588970,0x0000000120480000)
 Metaspace       used 5726K, capacity 6960K, committed 7040K, reserved 1056768K
  class space    used 550K, capacity 616K, committed 640K, reserved 1048576K
}
Event: 18.340 GC heap before
{Heap before GC invocations=8 (full 1):
 PSYoungGen      total 243200K, used 234237K [0x000000013cf00000, 0x0000000152400000, 0x0000000152400000)
  eden space 166912K, 100% used [0x000000013cf00000,0x0000000147200000,0x0000000147200000)
  from space 76288K, 88% used [0x000000014d980000,0x0000000151b3f478,0x0000000152400000)
  to   space 91136K, 0% used [0x0000000147200000,0x0000000147200000,0x000000014cb00000)
 ParOldGen       total 229888K, used 116258K [0x0000000112400000, 0x0000000120480000, 0x000000013cf00000)
  object space 229888K, 50% used [0x0000000112400000,0x0000000119588970,0x0000000120480000)
 Metaspace       used 5756K, capacity 6960K, committed 7040K, reserved 1056768K
  class space    used 550K, capacity 616K, committed 640K, reserved 1048576K
Event: 18.418 GC heap after
Heap after GC invocations=8 (full 1):
 PSYoungGen      total 252416K, used 85082K [0x000000013cf00000, 0x0000000152400000, 0x0000000152400000)
  eden space 166912K, 0% used [0x000000013cf00000,0x000000013cf00000,0x0000000147200000)
  from space 85504K, 99% used [0x0000000147200000,0x000000014c516b10,0x000000014c580000)
  to   space 96768K, 0% used [0x000000014c580000,0x000000014c580000,0x0000000152400000)
 ParOldGen       total 229888K, used 116266K [0x0000000112400000, 0x0000000120480000, 0x000000013cf00000)
  object space 229888K, 50% used [0x0000000112400000,0x000000011958a970,0x0000000120480000)
 Metaspace       used 5756K, capacity 6960K, committed 7040K, reserved 1056768K
  class space    used 550K, capacity 616K, committed 640K, reserved 1048576K
}
Event: 19.562 GC heap before
{Heap before GC invocations=9 (full 1):
 PSYoungGen      total 252416K, used 251994K [0x000000013cf00000, 0x0000000152400000, 0x0000000152400000)
  eden space 166912K, 100% used [0x000000013cf00000,0x0000000147200000,0x0000000147200000)
  from space 85504K, 99% used [0x0000000147200000,0x000000014c516b10,0x000000014c580000)
  to   space 96768K, 0% used [0x000000014c580000,0x000000014c580000,0x0000000152400000)
 ParOldGen       total 229888K, used 116266K [0x0000000112400000, 0x0000000120480000, 0x000000013cf00000)
  object space 229888K, 50% used [0x0000000112400000,0x000000011958a970,0x0000000120480000)
 Metaspace       used 5774K, capacity 7024K, committed 7296K, reserved 1056768K
  class space    used 550K, capacity 616K, committed 640K, reserved 1048576K

