# JRE version: Java(TM) SE Runtime Environment (8.0_25-b17) (build 1.8.0_25-b17)
# Java VM: Java HotSpot(TM) 64-Bit Server VM (25.25-b02 mixed mode bsd-amd64 compressed oops)
Heap:
 PSYoungGen      total 250880K, used 95203K [0x00000007aab00000, 0x00000007bf600000, 0x00000007c0000000)
  eden space 164352K, 49% used [0x00000007aab00000,0x00000007afa4a248,0x00000007b4b80000)
  from space 86528K, 16% used [0x00000007b4b80000,0x00000007b592ebb8,0x00000007ba000000)
  to   space 83968K, 0% used [0x00000007ba400000,0x00000007ba400000,0x00000007bf600000)
 ParOldGen       total 155648K, used 155431K [0x0000000780000000, 0x0000000789800000, 0x00000007aab00000)
  object space 155648K, 99% used [0x0000000780000000,0x00000007897c9d80,0x0000000789800000)
 Metaspace       used 119810K, capacity 129096K, committed 129408K, reserved 1159168K
  class space    used 16553K, capacity 19738K, committed 19840K, reserved 1048576K
GC Heap History (10 events):
Event: 9915.997 GC heap before
{Heap before GC invocations=35 (full 7):
 PSYoungGen      total 247296K, used 174080K [0x00000007aab00000, 0x00000007c0000000, 0x00000007c0000000)
  eden space 174080K, 100% used [0x00000007aab00000,0x00000007b5500000,0x00000007b5500000)
  from space 73216K, 0% used [0x00000007b5500000,0x00000007b5500000,0x00000007b9c80000)
  to   space 95744K, 0% used [0x00000007ba280000,0x00000007ba280000,0x00000007c0000000)
 ParOldGen       total 155648K, used 132244K [0x0000000780000000, 0x0000000789800000, 0x00000007aab00000)
  object space 155648K, 84% used [0x0000000780000000,0x0000000788125328,0x0000000789800000)
 Metaspace       used 103544K, capacity 111421K, committed 111744K, reserved 1144832K
  class space    used 14224K, capacity 16914K, committed 17024K, reserved 1048576K
Event: 9916.020 GC heap after
Heap after GC invocations=35 (full 7):
 PSYoungGen      total 254976K, used 18096K [0x00000007aab00000, 0x00000007c0000000, 0x00000007c0000000)
  eden space 159232K, 0% used [0x00000007aab00000,0x00000007aab00000,0x00000007b4680000)
  from space 95744K, 18% used [0x00000007ba280000,0x00000007bb42c028,0x00000007c0000000)
  to   space 94208K, 0% used [0x00000007b4680000,0x00000007b4680000,0x00000007ba280000)
 ParOldGen       total 155648K, used 132252K [0x0000000780000000, 0x0000000789800000, 0x00000007aab00000)
  object space 155648K, 84% used [0x0000000780000000,0x0000000788127328,0x0000000789800000)
 Metaspace       used 103544K, capacity 111421K, committed 111744K, reserved 1144832K
  class space    used 14224K, capacity 16914K, committed 17024K, reserved 1048576K
}
Event: 9917.912 GC heap before
{Heap before GC invocations=36 (full 7):
 PSYoungGen      total 254976K, used 177328K [0x00000007aab00000, 0x00000007c0000000, 0x00000007c0000000)
  eden space 159232K, 100% used [0x00000007aab00000,0x00000007b4680000,0x00000007b4680000)
  from space 95744K, 18% used [0x00000007ba280000,0x00000007bb42c028,0x00000007c0000000)
  to   space 94208K, 0% used [0x00000007b4680000,0x00000007b4680000,0x00000007ba280000)
 ParOldGen       total 155648K, used 132252K [0x0000000780000000, 0x0000000789800000, 0x00000007aab00000)
  object space 155648K, 84% used [0x0000000780000000,0x0000000788127328,0x0000000789800000)
 Metaspace       used 105640K, capacity 113483K, committed 113792K, reserved 1146880K
  class space    used 14548K, capacity 17197K, committed 17280K, reserved 1048576K
Event: 9917.937 GC heap after
Heap after GC invocations=36 (full 7):
 PSYoungGen      total 180224K, used 20588K [0x00000007aab00000, 0x00000007bf980000, 0x00000007c0000000)
  eden space 159232K, 0% used [0x00000007aab00000,0x00000007aab00000,0x00000007b4680000)
  from space 20992K, 98% used [0x00000007b4680000,0x00000007b5a9b350,0x00000007b5b00000)
  to   space 91648K, 0% used [0x00000007ba000000,0x00000007ba000000,0x00000007bf980000)
 ParOldGen       total 155648K, used 132260K [0x0000000780000000, 0x0000000789800000, 0x00000007aab00000)
  object space 155648K, 84% used [0x0000000780000000,0x0000000788129328,0x0000000789800000)
 Metaspace       used 105640K, capacity 113483K, committed 113792K, reserved 1146880K
  class space    used 14548K, capacity 17197K, committed 17280K, reserved 1048576K
}
Event: 10037.125 GC heap before
{Heap before GC invocations=37 (full 7):
 PSYoungGen      total 180224K, used 179820K [0x00000007aab00000, 0x00000007bf980000, 0x00000007c0000000)
  eden space 159232K, 100% used [0x00000007aab00000,0x00000007b4680000,0x00000007b4680000)
  from space 20992K, 98% used [0x00000007b4680000,0x00000007b5a9b350,0x00000007b5b00000)
  to   space 91648K, 0% used [0x00000007ba000000,0x00000007ba000000,0x00000007bf980000)
 ParOldGen       total 155648K, used 132260K [0x0000000780000000, 0x0000000789800000, 0x00000007aab00000)
  object space 155648K, 84% used [0x0000000780000000,0x0000000788129328,0x0000000789800000)
 Metaspace       used 110506K, capacity 119109K, committed 119424K, reserved 1150976K
  class space    used 15253K, capacity 18233K, committed 18304K, reserved 1048576K
Event: 10037.159 GC heap after
Heap after GC invocations=37 (full 7):
 PSYoungGen      total 256000K, used 32100K [0x00000007aab00000, 0x00000007bfb00000, 0x00000007c0000000)
  eden space 164352K, 0% used [0x00000007aab00000,0x00000007aab00000,0x00000007b4b80000)
  from space 91648K, 35% used [0x00000007ba000000,0x00000007bbf59118,0x00000007bf980000)
  to   space 86528K, 0% used [0x00000007b4b80000,0x00000007b4b80000,0x00000007ba000000)
 ParOldGen       total 155648K, used 132268K [0x0000000780000000, 0x0000000789800000, 0x00000007aab00000)
  object space 155648K, 84% used [0x0000000780000000,0x000000078812b328,0x0000000789800000)
 Metaspace       used 110506K, capacity 119109K, committed 119424K, reserved 1150976K
  class space    used 15253K, capacity 18233K, committed 18304K, reserved 1048576K
}
Event: 10040.342 GC heap before
{Heap before GC invocations=38 (full 7):
 PSYoungGen      total 256000K, used 195190K [0x00000007aab00000, 0x00000007bfb00000, 0x00000007c0000000)
  eden space 164352K, 99% used [0x00000007aab00000,0x00000007b4a448e8,0x00000007b4b80000)
  from space 91648K, 35% used [0x00000007ba000000,0x00000007bbf59118,0x00000007bf980000)
  to   space 86528K, 0% used [0x00000007b4b80000,0x00000007b4b80000,0x00000007ba000000)
 ParOldGen       total 155648K, used 132268K [0x0000000780000000, 0x0000000789800000, 0x00000007aab00000)
  object space 155648K, 84% used [0x0000000780000000,0x000000078812b328,0x0000000789800000)
 Metaspace       used 118803K, capacity 127740K, committed 127872K, reserved 1157120K
  class space    used 16418K, capacity 19464K, committed 19584K, reserved 1048576K
Event: 10040.395 GC heap after
Heap after GC invocations=38 (full 7):
 PSYoungGen      total 250880K, used 42624K [0x00000007aab00000, 0x00000007bf600000, 0x00000007c0000000)
  eden space 164352K, 0% used [0x00000007aab00000,0x00000007aab00000,0x00000007b4b80000)
  from space 86528K, 49% used [0x00000007b4b80000,0x00000007b7520058,0x00000007ba000000)
  to   space 83968K, 0% used [0x00000007ba400000,0x00000007ba400000,0x00000007bf600000)
 ParOldGen       total 155648K, used 132276K [0x0000000780000000, 0x0000000789800000, 0x00000007aab00000)
  object space 155648K, 84% used [0x0000000780000000,0x000000078812d328,0x0000000789800000)
 Metaspace       used 118803K, capacity 127740K, committed 127872K, reserved 1157120K
  class space    used 16418K, capacity 19464K, committed 19584K, reserved 1048576K
}
Event: 10040.395 GC heap before
{Heap before GC invocations=39 (full 8):
 PSYoungGen      total 250880K, used 42624K [0x00000007aab00000, 0x00000007bf600000, 0x00000007c0000000)
  eden space 164352K, 0% used [0x00000007aab00000,0x00000007aab00000,0x00000007b4b80000)
  from space 86528K, 49% used [0x00000007b4b80000,0x00000007b7520058,0x00000007ba000000)
  to   space 83968K, 0% used [0x00000007ba400000,0x00000007ba400000,0x00000007bf600000)
 ParOldGen       total 155648K, used 132276K [0x0000000780000000, 0x0000000789800000, 0x00000007aab00000)
  object space 155648K, 84% used [0x0000000780000000,0x000000078812d328,0x0000000789800000)
 Metaspace       used 118803K, capacity 127740K, committed 127872K, reserved 1157120K
  class space    used 16418K, capacity 19464K, committed 19584K, reserved 1048576K
Event: 10041.832 GC heap after
Heap after GC invocations=39 (full 8):
 PSYoungGen      total 250880K, used 14010K [0x00000007aab00000, 0x00000007bf600000, 0x00000007c0000000)
  eden space 164352K, 0% used [0x00000007aab00000,0x00000007aab00000,0x00000007b4b80000)
  from space 86528K, 16% used [0x00000007b4b80000,0x00000007b592ebb8,0x00000007ba000000)
  to   space 83968K, 0% used [0x00000007ba400000,0x00000007ba400000,0x00000007bf600000)
 ParOldGen       total 155648K, used 155431K [0x0000000780000000, 0x0000000789800000, 0x00000007aab00000)
  object space 155648K, 99% used [0x0000000780000000,0x00000007897c9d80,0x0000000789800000)
 Metaspace       used 118737K, capacity 127512K, committed 127872K, reserved 1157120K
  class space    used 16402K, capacity 19396K, committed 19584K, reserved 1048576K
}

